> Compiled Thu Nov  8 19:05:10 PST 2012 on: tcadprod5
> Running on: Linux ecelinux2.uwaterloo.ca 3.10.0-1160.31.1.el7.x86_64 #1 SMP Thu Jun 10 13:32:12 UTC 2021 x86_64

> Process ID: 5042
> 
> Flags used: -d
> 
> Reading Boundary from dgate_tspace13_bnd.tdr
> Loaded 24 point(s), 9 region(s), 8 contact(s). done. Time: 0.031795 secs.
> Statistics from input geometry:
> 24 vertices, 32 edges, 17 elements (8 segments) (9 polygons)
> 	8 1D elements
> 	9 2D elements
> Average edge length (std): 0.0458125 (0.260006)
> Min edge length (1): 0.0015
> 
> Average area (std): 0.0348955 (0.190113)
> Min. element area (3): 7.5e-05
> 
> Average connectivity: 2.66667
> Max. connectivity (0): 3
> 
> Warning: In refinement region: M_Ox MinElement[0] 0.005 is bigger than MaxElement[0] 0.00125.
> Setting MinElement[0] to 0.000625, two times smaller than MaxElement[0]
to get a valid refinement.
> Redefining MinElement[0] to 0.00125
> Step sequence to perform: 
> 	MLRefineGeometry-MLRefineOnSize
> 
> Fitting geometry ... Number of elements to check: 1
> Number of elements to check: 10
> done. Time: 0.002594 secs.
> Refining on MaxElementSize ... Number of elements to check: 9
> Number of elements to check: 690
> done. Time: 0.038382 secs.
> Handling green elements ... Number of elements to check: 665
> Number of elements to check: 2434
> Number of elements to check: 13
> Number of elements to check: 6
> done. Time: 0.058764 secs.
> Building final elements ... Number of elements to check: 2943
> Number of elements to check: 510
> done. Time: 0.00198 secs.
> Testing elements ... Number of elements to check: 3283
> done. Time: 0.022601 secs.
> Preparing data for output... Number of final elements 3283
> Statistics from Qtree/Oc-tree:
> 3128 vertices, 6410 edges, 3431 elements (148 segments) (510 triangles) (2773 rectangles)
> 	148 1D elements
> 	3283 2D elements
> Average edge length (std): 0.00243918 (0.402655)
> Min edge length (2670): 0.000195312
> 
> Average area (std): 0.000172901 (0.0865539)
> Min. element area (1398): 3.96729e-08
> 
> Min. element angle (519): 1.24121 degrees.
> Max. element angle (0): 90 degrees.
> Average connectivity: 4.09847
> Max. connectivity (407): 7
> 
> done. Time: 0.025173 secs.
> 
> Total time : 0.181289 secs.
> Saving mesh `dgate_tspace13_msh' in TDR format...
> Interpolating data ... done
