> Compiled Thu Nov  8 19:05:10 PST 2012 on: tcadprod5
> Running on: Linux ecelinux2.uwaterloo.ca 3.10.0-1160.31.1.el7.x86_64 #1 SMP Thu Jun 10 13:32:12 UTC 2021 x86_64

> Process ID: 25471
> 
> Flags used: -d
> 
> Reading Boundary from dgate_tspace17_bnd.tdr
> Loaded 24 point(s), 9 region(s), 8 contact(s). done. Time: 0.03633 secs.
> Statistics from input geometry:
> 24 vertices, 32 edges, 17 elements (8 segments) (9 polygons)
> 	8 1D elements
> 	9 2D elements
> Average edge length (std): 0.0468125 (0.256123)
> Min edge length (1): 0.0015
> 
> Average area (std): 0.0349421 (0.18997)
> Min. element area (3): 7.5e-05
> 
> Average connectivity: 2.66667
> Max. connectivity (0): 3
> 
> Warning: In refinement region: M_Ox MinElement[0] 0.005 is bigger than MaxElement[0] 0.00125.
> Setting MinElement[0] to 0.000625, two times smaller than MaxElement[0]
to get a valid refinement.
> Redefining MinElement[0] to 0.00125
> Step sequence to perform: 
> 	MLRefineGeometry-MLRefineOnSize
> 
> Fitting geometry ... Number of elements to check: 1
> Number of elements to check: 9
> done. Time: 0.002868 secs.
> Refining on MaxElementSize ... Number of elements to check: 8
> Number of elements to check: 815
> done. Time: 0.048925 secs.
> Handling green elements ... Number of elements to check: 792
> Number of elements to check: 2374
> Number of elements to check: 13
> Number of elements to check: 6
> done. Time: 0.064705 secs.
> Building final elements ... Number of elements to check: 2962
> Number of elements to check: 261
> done. Time: 0.001288 secs.
> Testing elements ... Number of elements to check: 3136
> done. Time: 0.021109 secs.
> Preparing data for output... Number of final elements 3136
> Statistics from Qtree/Oc-tree:
> 3113 vertices, 6248 edges, 3297 elements (161 segments) (261 triangles) (2875 rectangles)
> 	161 1D elements
> 	3136 2D elements
> Average edge length (std): 0.00258864 (0.417671)
> Min edge length (916): 0.00040625
> 
> Average area (std): 0.000180169 (0.0849562)
> Min. element area (1612): 3.17383e-07
> 
> Min. element angle (519): 1.24121 degrees.
> Max. element angle (0): 90 degrees.
> Average connectivity: 4.01413
> Max. connectivity (407): 7
> 
> done. Time: 0.024087 secs.
> 
> Total time : 0.199312 secs.
> Saving mesh `dgate_tspace17_msh' in TDR format...
> Interpolating data ... done
