> Compiled Thu Nov  8 19:05:10 PST 2012 on: tcadprod5
> Running on: Linux ecelinux2.uwaterloo.ca 3.10.0-1160.31.1.el7.x86_64 #1 SMP Thu Jun 10 13:32:12 UTC 2021 x86_64

> Process ID: 5769
> 
> Flags used: -d
> 
> Reading Boundary from dgate_tspace14_bnd.tdr
> Loaded 24 point(s), 9 region(s), 8 contact(s). done. Time: 0.036238 secs.
> Statistics from input geometry:
> 24 vertices, 32 edges, 17 elements (8 segments) (9 polygons)
> 	8 1D elements
> 	9 2D elements
> Average edge length (std): 0.0460625 (0.259006)
> Min edge length (1): 0.0015
> 
> Average area (std): 0.0349072 (0.190077)
> Min. element area (3): 7.5e-05
> 
> Average connectivity: 2.66667
> Max. connectivity (0): 3
> 
> Warning: In refinement region: M_Ox MinElement[0] 0.005 is bigger than MaxElement[0] 0.00125.
> Setting MinElement[0] to 0.000625, two times smaller than MaxElement[0]
to get a valid refinement.
> Redefining MinElement[0] to 0.00125
> Step sequence to perform: 
> 	MLRefineGeometry-MLRefineOnSize
> 
> Fitting geometry ... Number of elements to check: 1
> Number of elements to check: 10
> done. Time: 0.00266 secs.
> Refining on MaxElementSize ... Number of elements to check: 9
> Number of elements to check: 686
> done. Time: 0.036221 secs.
> Handling green elements ... Number of elements to check: 661
> Number of elements to check: 2442
> Number of elements to check: 13
> Number of elements to check: 6
> done. Time: 0.058957 secs.
> Building final elements ... Number of elements to check: 2947
> Number of elements to check: 540
> done. Time: 0.00206 secs.
> Testing elements ... Number of elements to check: 3307
> done. Time: 0.022389 secs.
> Preparing data for output... Number of final elements 3307
> Statistics from Qtree/Oc-tree:
> 3136 vertices, 6442 edges, 3453 elements (146 segments) (540 triangles) (2767 rectangles)
> 	146 1D elements
> 	3307 2D elements
> Average edge length (std): 0.00244865 (0.406146)
> Min edge length (5684): 4.88281e-05
> 
> Average area (std): 0.000171857 (0.0865683)
> Min. element area (2935): 9.91821e-09
> 
> Min. element angle (519): 1.24121 degrees.
> Max. element angle (0): 90 degrees.
> Average connectivity: 4.10842
> Max. connectivity (407): 7
> 
> done. Time: 0.028069 secs.
> 
> Total time : 0.186594 secs.
> Saving mesh `dgate_tspace14_msh' in TDR format...
> Interpolating data ... done
