> Compiled Thu Nov  8 19:05:10 PST 2012 on: tcadprod5
> Running on: Linux ecelinux2.uwaterloo.ca 3.10.0-1160.31.1.el7.x86_64 #1 SMP Thu Jun 10 13:32:12 UTC 2021 x86_64

> Process ID: 610
> 
> Flags used: -d
> 
> Reading Boundary from dgate_tspace5_bnd.tdr
> Loaded 24 point(s), 9 region(s), 8 contact(s). done. Time: 0.036405 secs.
> Statistics from input geometry:
> 24 vertices, 32 edges, 17 elements (8 segments) (9 polygons)
> 	8 1D elements
> 	9 2D elements
> Average edge length (std): 0.0438125 (0.268676)
> Min edge length (1): 0.0015
> 
> Average area (std): 0.0348024 (0.190399)
> Min. element area (3): 7.5e-05
> 
> Average connectivity: 2.66667
> Max. connectivity (0): 3
> 
> Warning: In refinement region: M_Ox MinElement[0] 0.005 is bigger than MaxElement[0] 0.00125.
> Setting MinElement[0] to 0.000625, two times smaller than MaxElement[0]
to get a valid refinement.
> Redefining MinElement[0] to 0.00125
> Step sequence to perform: 
> 	MLRefineGeometry-MLRefineOnSize
> 
> Fitting geometry ... Number of elements to check: 1
> Number of elements to check: 10
> done. Time: 0.003429 secs.
> Refining on MaxElementSize ... Number of elements to check: 9
> Number of elements to check: 699
> done. Time: 0.037531 secs.
> Handling green elements ... Number of elements to check: 673
> Number of elements to check: 2439
> Number of elements to check: 13
> Number of elements to check: 6
> done. Time: 0.056566 secs.
> Building final elements ... Number of elements to check: 2951
> Number of elements to check: 494
> done. Time: 0.001955 secs.
> Testing elements ... Number of elements to check: 3291
> done. Time: 0.022857 secs.
> Preparing data for output... Number of final elements 3291
> Statistics from Qtree/Oc-tree:
> 3150 vertices, 6440 edges, 3451 elements (160 segments) (494 triangles) (2797 rectangles)
> 	160 1D elements
> 	3291 2D elements
> Average edge length (std): 0.00226871 (0.384588)
> Min edge length (1780): 9.76562e-05
> 
> Average area (std): 0.00017144 (0.0822583)
> Min. element area (954): 1.98364e-08
> 
> Min. element angle (519): 1.24121 degrees.
> Max. element angle (0): 90 degrees.
> Average connectivity: 4.08889
> Max. connectivity (413): 7
> 
> done. Time: 0.025441 secs.
> 
> Total time : 0.184184 secs.
> Saving mesh `dgate_tspace5_msh' in TDR format...
> Interpolating data ... done
