> Compiled Thu Nov  8 19:05:10 PST 2012 on: tcadprod5
> Running on: Linux ecelinux2.uwaterloo.ca 3.10.0-1160.31.1.el7.x86_64 #1 SMP Thu Jun 10 13:32:12 UTC 2021 x86_64

> Process ID: 2319
> 
> Flags used: -d
> 
> Reading Boundary from dgate_tspace9_bnd.tdr
> Loaded 24 point(s), 9 region(s), 8 contact(s). done. Time: 0.03375 secs.
> Statistics from input geometry:
> 24 vertices, 32 edges, 17 elements (8 segments) (9 polygons)
> 	8 1D elements
> 	9 2D elements
> Average edge length (std): 0.0448125 (0.264195)
> Min edge length (1): 0.0015
> 
> Average area (std): 0.0348489 (0.190256)
> Min. element area (3): 7.5e-05
> 
> Average connectivity: 2.66667
> Max. connectivity (0): 3
> 
> Warning: In refinement region: M_Ox MinElement[0] 0.005 is bigger than MaxElement[0] 0.00125.
> Setting MinElement[0] to 0.000625, two times smaller than MaxElement[0]
to get a valid refinement.
> Redefining MinElement[0] to 0.00125
> Step sequence to perform: 
> 	MLRefineGeometry-MLRefineOnSize
> 
> Fitting geometry ... Number of elements to check: 1
> Number of elements to check: 10
> done. Time: 0.003647 secs.
> Refining on MaxElementSize ... Number of elements to check: 9
> Number of elements to check: 699
> done. Time: 0.035814 secs.
> Handling green elements ... Number of elements to check: 673
> Number of elements to check: 2445
> Number of elements to check: 13
> Number of elements to check: 6
> done. Time: 0.055388 secs.
> Building final elements ... Number of elements to check: 2962
> Number of elements to check: 564
> done. Time: 0.001004 secs.
> Testing elements ... Number of elements to check: 3342
> done. Time: 0.020974 secs.
> Preparing data for output... Number of final elements 3342
> Statistics from Qtree/Oc-tree:
> 3163 vertices, 6504 edges, 3496 elements (154 segments) (564 triangles) (2778 rectangles)
> 	154 1D elements
> 	3342 2D elements
> Average edge length (std): 0.00233141 (0.391456)
> Min edge length (2850): 4.88281e-05
> 
> Average area (std): 0.00016946 (0.0842052)
> Min. element area (1494): 9.91821e-09
> 
> Min. element angle (519): 1.24121 degrees.
> Max. element angle (0): 90 degrees.
> Average connectivity: 4.11255
> Max. connectivity (407): 7
> 
> done. Time: 0.025929 secs.
> 
> Total time : 0.176506 secs.
> Saving mesh `dgate_tspace9_msh' in TDR format...
> Interpolating data ... done
