> Compiled Thu Nov  8 19:05:10 PST 2012 on: tcadprod5
> Running on: Linux ecelinux2.uwaterloo.ca 3.10.0-1160.31.1.el7.x86_64 #1 SMP Thu Jun 10 13:32:12 UTC 2021 x86_64

> Process ID: 1438
> 
> Flags used: -d
> 
> Reading Boundary from dgate_tspace7_bnd.tdr
> Loaded 24 point(s), 9 region(s), 8 contact(s). done. Time: 0.037124 secs.
> Statistics from input geometry:
> 24 vertices, 32 edges, 17 elements (8 segments) (9 polygons)
> 	8 1D elements
> 	9 2D elements
> Average edge length (std): 0.0443125 (0.2664)
> Min edge length (1): 0.0015
> 
> Average area (std): 0.0348256 (0.190327)
> Min. element area (3): 7.5e-05
> 
> Average connectivity: 2.66667
> Max. connectivity (0): 3
> 
> Warning: In refinement region: M_Ox MinElement[0] 0.005 is bigger than MaxElement[0] 0.00125.
> Setting MinElement[0] to 0.000625, two times smaller than MaxElement[0]
to get a valid refinement.
> Redefining MinElement[0] to 0.00125
> Step sequence to perform: 
> 	MLRefineGeometry-MLRefineOnSize
> 
> Fitting geometry ... Number of elements to check: 1
> Number of elements to check: 10
> done. Time: 0.001212 secs.
> Refining on MaxElementSize ... Number of elements to check: 9
> Number of elements to check: 697
> done. Time: 0.038207 secs.
> Handling green elements ... Number of elements to check: 673
> Number of elements to check: 2432
> Number of elements to check: 13
> Number of elements to check: 6
> done. Time: 0.057255 secs.
> Building final elements ... Number of elements to check: 2949
> Number of elements to check: 516
> done. Time: 0.002008 secs.
> Testing elements ... Number of elements to check: 3301
> done. Time: 0.022674 secs.
> Preparing data for output... Number of final elements 3301
> Statistics from Qtree/Oc-tree:
> 3146 vertices, 6446 edges, 3455 elements (154 segments) (516 triangles) (2785 rectangles)
> 	154 1D elements
> 	3301 2D elements
> Average edge length (std): 0.00231161 (0.387666)
> Min edge length (1700): 0.000195313
> 
> Average area (std): 0.000171356 (0.0841968)
> Min. element area (913): 3.96729e-08
> 
> Min. element angle (519): 1.24121 degrees.
> Max. element angle (0): 90 degrees.
> Average connectivity: 4.0979
> Max. connectivity (407): 7
> 
> done. Time: 0.023297 secs.
> 
> Total time : 0.181777 secs.
> Saving mesh `dgate_tspace7_msh' in TDR format...
> Interpolating data ... done
