> Compiled Thu Nov  8 19:05:10 PST 2012 on: tcadprod5
> Running on: Linux ecelinux2.uwaterloo.ca 3.10.0-1160.31.1.el7.x86_64 #1 SMP Thu Jun 10 13:32:12 UTC 2021 x86_64

> Process ID: 4180
> 
> Flags used: -d
> 
> Reading Boundary from dgate_tspace11_bnd.tdr
> Loaded 24 point(s), 9 region(s), 8 contact(s). done. Time: 0.034133 secs.
> Statistics from input geometry:
> 24 vertices, 32 edges, 17 elements (8 segments) (9 polygons)
> 	8 1D elements
> 	9 2D elements
> Average edge length (std): 0.0453125 (0.262063)
> Min edge length (1): 0.0015
> 
> Average area (std): 0.0348722 (0.190184)
> Min. element area (3): 7.5e-05
> 
> Average connectivity: 2.66667
> Max. connectivity (0): 3
> 
> Warning: In refinement region: M_Ox MinElement[0] 0.005 is bigger than MaxElement[0] 0.00125.
> Setting MinElement[0] to 0.000625, two times smaller than MaxElement[0]
to get a valid refinement.
> Redefining MinElement[0] to 0.00125
> Step sequence to perform: 
> 	MLRefineGeometry-MLRefineOnSize
> 
> Fitting geometry ... Number of elements to check: 1
> Number of elements to check: 10
> done. Time: 0.003489 secs.
> Refining on MaxElementSize ... Number of elements to check: 9
> Number of elements to check: 690
> done. Time: 0.03853 secs.
> Handling green elements ... Number of elements to check: 665
> Number of elements to check: 2440
> Number of elements to check: 13
> Number of elements to check: 6
> done. Time: 0.058023 secs.
> Building final elements ... Number of elements to check: 2949
> Number of elements to check: 546
> done. Time: 0.002068 secs.
> Testing elements ... Number of elements to check: 3313
> done. Time: 0.022711 secs.
> Preparing data for output... Number of final elements 3313
> Statistics from Qtree/Oc-tree:
> 3140 vertices, 6452 edges, 3461 elements (148 segments) (546 triangles) (2767 rectangles)
> 	148 1D elements
> 	3313 2D elements
> Average edge length (std): 0.0023893 (0.396978)
> Min edge length (4212): 4.88281e-05
> 
> Average area (std): 0.000171288 (0.086559)
> Min. element area (2189): 9.91821e-09
> 
> Min. element angle (519): 1.24121 degrees.
> Max. element angle (0): 90 degrees.
> Average connectivity: 4.10955
> Max. connectivity (407): 7
> 
> done. Time: 0.0265 secs.
> 
> Total time : 0.185454 secs.
> Saving mesh `dgate_tspace11_msh' in TDR format...
> Interpolating data ... done
